<?xml version="1.0" encoding="UTF-8"?>
<testsuites name="SwapMate_Mobile_TestSuite" time="112.62" tests="5" failures="1" errors="0">
   <testsuite name="SwapMate_Mobile_TestSuite" tests="5" failures="1" errors="0" time="112.62" skipped="0" timestamp="2022-05-21 12:57:41" hostname="prabh - DESKTOP-DI7ILBH" id="Test Suites/SwapMate_Mobile_TestSuite">
      <properties>
         <property name="deviceName" value="emulator-5554 (Android SDK built for x86 - Android 10)"/>
         <property name="devicePlatform" value=""/>
         <property name="logFolder" value="C:\\Users\\prabh\\Documents\\GitHub\\SwapMateAutomation\\Reports\\20220521_125738\\SwapMate_Mobile_TestSuite\\20220521_125738"/>
         <property name="logFiles" value="C:\\Users\\prabh\\Documents\\GitHub\\SwapMateAutomation\\Reports\\20220521_125738\\SwapMate_Mobile_TestSuite\\20220521_125738\\appium.log, C:\\Users\\prabh\\Documents\\GitHub\\SwapMateAutomation\\Reports\\20220521_125738\\SwapMate_Mobile_TestSuite\\20220521_125738\\execution0.log"/>
         <property name="attachments" value="C:\\Users\\prabh\\Documents\\GitHub\\SwapMateAutomation\\Reports\\20220521_125738\\SwapMate_Mobile_TestSuite\\20220521_125738\\1653118173317.png, C:\\Users\\prabh\\Documents\\GitHub\\SwapMateAutomation\\Reports\\20220521_125738\\SwapMate_Mobile_TestSuite\\20220521_125738\\1653118173679.png"/>
         <property name="hostName" value="prabh - DESKTOP-DI7ILBH"/>
         <property name="os" value="Windows 10 64bit"/>
         <property name="appiumServerStatus" value="{&quot;value&quot;:{&quot;build&quot;:{&quot;version&quot;:&quot;1.22.3&quot;}},&quot;sessionId&quot;:null,&quot;status&quot;:0}"/>
         <property name="katalonVersion" value="8.2.5.208"/>
         <property name="deviceOS" value="Android"/>
         <property name="appiumVersion" value="1.22.3"/>
         <property name="deviceModel" value="Android SDK built for x86"/>
         <property name="hostAddress" value="192.168.1.6"/>
         <property name="deviceManufacturer" value="Google"/>
         <property name="deviceId" value="emulator-5554"/>
         <property name="deviceName" value="emulator-5554 (Android SDK built for x86 - Android 10)"/>
         <property name="deviceOSVersion" value="10"/>
      </properties>
      <testcase name="Test Cases/Customer/Registration" time="28.561" classname="Test Cases/Customer/Registration" status="PASSED">
         <system-out><![CDATA[2022-05-21 12:57:41 - [TEST_CASE][PASSED] - Test Cases/Customer/Registration: Test Cases/Customer/Registration

2022-05-21 12:57:41 - [TEST_STEP][PASSED] - startApplication("C:\Users\prabh\Documents\GitHub\SwapMateMobile\build\app\outputs\flutter-apk\app.apk", true): Started app at: 'C:\Users\prabh\Documents\GitHub\SwapMateMobile\build\app\outputs\flutter-apk\app.apk'

2022-05-21 12:57:43 - [MESSAGE][INFO] - Appium server started on port 60,825

2022-05-21 12:57:57 - [MESSAGE][PASSED] - Started app at: 'C:\Users\prabh\Documents\GitHub\SwapMateMobile\build\app\outputs\flutter-apk\app.apk'

2022-05-21 12:57:57 - [TEST_STEP][PASSED] - tapAndHold(findTestObject("Register/android.widget.Button"), 0, 0): Tapped and held on element 'Object Repository/Register/android.widget.Button' with duration (default)

2022-05-21 12:57:57 - [MESSAGE][WARNING] - Duration '0' is invalid. Using default duration.

2022-05-21 12:57:57 - [MESSAGE][WARNING] - Timeout '0' is invalid. Using default page load timeout: '30'

2022-05-21 12:57:59 - [MESSAGE][PASSED] - Tapped and held on element 'Object Repository/Register/android.widget.Button' with duration (default)

2022-05-21 12:57:59 - [TEST_STEP][PASSED] - tap(findTestObject("Object Repository/Register/android.widget.EditText - E-mail Address (1)"), 0): Tapped on element 'Object Repository/Register/android.widget.EditText - E-mail Address (1)'

2022-05-21 12:57:59 - [MESSAGE][WARNING] - Timeout '0' is invalid. Using default page load timeout: '30'

2022-05-21 12:58:00 - [MESSAGE][PASSED] - Tapped on element 'Object Repository/Register/android.widget.EditText - E-mail Address (1)'

2022-05-21 12:58:00 - [TEST_STEP][PASSED] - setText(findTestObject("Object Repository/Register/android.widget.EditText - E-mail Address"), "testing@gmail.com", 0): Text 'testing@gmail.com' has been set to element 'Object Repository/Register/android.widget.EditText - E-mail Address'

2022-05-21 12:58:00 - [MESSAGE][WARNING] - Timeout '0' is invalid. Using default page load timeout: '30'

2022-05-21 12:58:01 - [MESSAGE][PASSED] - Text 'testing@gmail.com' has been set to element 'Object Repository/Register/android.widget.EditText - E-mail Address'

2022-05-21 12:58:01 - [TEST_STEP][PASSED] - tap(findTestObject("Object Repository/Register/android.widget.EditText - Password (1)"), 0): Tapped on element 'Object Repository/Register/android.widget.EditText - Password (1)'

2022-05-21 12:58:01 - [MESSAGE][WARNING] - Timeout '0' is invalid. Using default page load timeout: '30'

2022-05-21 12:58:02 - [MESSAGE][PASSED] - Tapped on element 'Object Repository/Register/android.widget.EditText - Password (1)'

2022-05-21 12:58:02 - [TEST_STEP][PASSED] - setText(findTestObject("Object Repository/Register/android.widget.EditText - Password"), "123456", 0): Text '123456' has been set to element 'Object Repository/Register/android.widget.EditText - Password'

2022-05-21 12:58:02 - [MESSAGE][WARNING] - Timeout '0' is invalid. Using default page load timeout: '30'

2022-05-21 12:58:03 - [MESSAGE][PASSED] - Text '123456' has been set to element 'Object Repository/Register/android.widget.EditText - Password'

2022-05-21 12:58:03 - [TEST_STEP][PASSED] - tap(findTestObject("Object Repository/Register/android.widget.EditText - Re-enter Password (1)"), 0): Tapped on element 'Object Repository/Register/android.widget.EditText - Re-enter Password (1)'

2022-05-21 12:58:03 - [MESSAGE][WARNING] - Timeout '0' is invalid. Using default page load timeout: '30'

2022-05-21 12:58:03 - [MESSAGE][PASSED] - Tapped on element 'Object Repository/Register/android.widget.EditText - Re-enter Password (1)'

2022-05-21 12:58:03 - [TEST_STEP][PASSED] - setText(findTestObject("Object Repository/Register/android.widget.EditText - Re-enter Password"), "123456", 0): Text '123456' has been set to element 'Object Repository/Register/android.widget.EditText - Re-enter Password'

2022-05-21 12:58:03 - [MESSAGE][WARNING] - Timeout '0' is invalid. Using default page load timeout: '30'

2022-05-21 12:58:04 - [MESSAGE][PASSED] - Text '123456' has been set to element 'Object Repository/Register/android.widget.EditText - Re-enter Password'

2022-05-21 12:58:04 - [TEST_STEP][PASSED] - hideKeyboard(): Keyboard is hidden

2022-05-21 12:58:06 - [MESSAGE][PASSED] - Keyboard is hidden

2022-05-21 12:58:06 - [TEST_STEP][PASSED] - tapAndHold(findTestObject("Customer/Register/android.widget.Button (1)"), 0, 0): Tapped and held on element 'Object Repository/Customer/Register/android.widget.Button (1)' with duration (default)

2022-05-21 12:58:06 - [MESSAGE][WARNING] - Duration '0' is invalid. Using default duration.

2022-05-21 12:58:06 - [MESSAGE][WARNING] - Timeout '0' is invalid. Using default page load timeout: '30'

2022-05-21 12:58:10 - [MESSAGE][PASSED] - Tapped and held on element 'Object Repository/Customer/Register/android.widget.Button (1)' with duration (default)]]></system-out>
         <system-err><![CDATA[]]></system-err>
      </testcase>
      <testcase name="Test Cases/Customer/Update Profile Details" time="22.895" classname="Test Cases/Customer/Update Profile Details" status="PASSED">
         <system-out><![CDATA[2022-05-21 12:58:10 - [TEST_CASE][PASSED] - Test Cases/Customer/Update Profile Details: Test Cases/Customer/Update Profile Details

2022-05-21 12:58:10 - [TEST_STEP][PASSED] - tap(findTestObject("Object Repository/Customer/Update Profile/android.widget.EditText - First Name"), 0, STOP_ON_FAILURE): Tapped on element 'Object Repository/Customer/Update Profile/android.widget.EditText - First Name'

2022-05-21 12:58:10 - [MESSAGE][WARNING] - Timeout '0' is invalid. Using default page load timeout: '30'

2022-05-21 12:58:13 - [MESSAGE][PASSED] - Tapped on element 'Object Repository/Customer/Update Profile/android.widget.EditText - First Name'

2022-05-21 12:58:13 - [TEST_STEP][PASSED] - setText(findTestObject("Customer/Update Profile/android.widget.EditText - First Name"), "TestingFirstname", 0): Text 'TestingFirstname' has been set to element 'Object Repository/Customer/Update Profile/android.widget.EditText - First Name'

2022-05-21 12:58:13 - [MESSAGE][WARNING] - Timeout '0' is invalid. Using default page load timeout: '30'

2022-05-21 12:58:14 - [MESSAGE][PASSED] - Text 'TestingFirstname' has been set to element 'Object Repository/Customer/Update Profile/android.widget.EditText - First Name'

2022-05-21 12:58:14 - [TEST_STEP][PASSED] - tap(findTestObject("Object Repository/Customer/Update Profile/android.widget.EditText - Last Name"), 0): Tapped on element 'Object Repository/Customer/Update Profile/android.widget.EditText - Last Name'

2022-05-21 12:58:14 - [MESSAGE][WARNING] - Timeout '0' is invalid. Using default page load timeout: '30'

2022-05-21 12:58:15 - [MESSAGE][PASSED] - Tapped on element 'Object Repository/Customer/Update Profile/android.widget.EditText - Last Name'

2022-05-21 12:58:15 - [TEST_STEP][PASSED] - setText(findTestObject("Customer/Update Profile/android.widget.EditText - Last Name"), "TestingLastname", 0): Text 'TestingLastname' has been set to element 'Object Repository/Customer/Update Profile/android.widget.EditText - Last Name'

2022-05-21 12:58:15 - [MESSAGE][WARNING] - Timeout '0' is invalid. Using default page load timeout: '30'

2022-05-21 12:58:16 - [MESSAGE][PASSED] - Text 'TestingLastname' has been set to element 'Object Repository/Customer/Update Profile/android.widget.EditText - Last Name'

2022-05-21 12:58:16 - [TEST_STEP][PASSED] - tap(findTestObject("Object Repository/Customer/Update Profile/android.widget.EditText - Address"), 0): Tapped on element 'Object Repository/Customer/Update Profile/android.widget.EditText - Address'

2022-05-21 12:58:16 - [MESSAGE][WARNING] - Timeout '0' is invalid. Using default page load timeout: '30'

2022-05-21 12:58:17 - [MESSAGE][PASSED] - Tapped on element 'Object Repository/Customer/Update Profile/android.widget.EditText - Address'

2022-05-21 12:58:17 - [TEST_STEP][PASSED] - setText(findTestObject("Customer/Update Profile/android.widget.EditText - Address"), "18/7, Testing Street, QA", 0): Text '18/7, Testing Street, QA' has been set to element 'Object Repository/Customer/Update Profile/android.widget.EditText - Address'

2022-05-21 12:58:17 - [MESSAGE][WARNING] - Timeout '0' is invalid. Using default page load timeout: '30'

2022-05-21 12:58:18 - [MESSAGE][PASSED] - Text '18/7, Testing Street, QA' has been set to element 'Object Repository/Customer/Update Profile/android.widget.EditText - Address'

2022-05-21 12:58:18 - [TEST_STEP][PASSED] - tap(findTestObject("Object Repository/Customer/Update Profile/android.widget.EditText - Contact Number"), 0): Tapped on element 'Object Repository/Customer/Update Profile/android.widget.EditText - Contact Number'

2022-05-21 12:58:18 - [MESSAGE][WARNING] - Timeout '0' is invalid. Using default page load timeout: '30'

2022-05-21 12:58:19 - [MESSAGE][PASSED] - Tapped on element 'Object Repository/Customer/Update Profile/android.widget.EditText - Contact Number'

2022-05-21 12:58:19 - [TEST_STEP][PASSED] - setText(findTestObject("Customer/Update Profile/android.widget.EditText - Contact Number"), "0745678932", 0): Text '0745678932' has been set to element 'Object Repository/Customer/Update Profile/android.widget.EditText - Contact Number'

2022-05-21 12:58:19 - [MESSAGE][WARNING] - Timeout '0' is invalid. Using default page load timeout: '30'

2022-05-21 12:58:19 - [MESSAGE][PASSED] - Text '0745678932' has been set to element 'Object Repository/Customer/Update Profile/android.widget.EditText - Contact Number'

2022-05-21 12:58:19 - [TEST_STEP][PASSED] - tap(findTestObject("Object Repository/Customer/Update Profile/android.widget.EditText - Nic"), 0): Tapped on element 'Object Repository/Customer/Update Profile/android.widget.EditText - Nic'

2022-05-21 12:58:19 - [MESSAGE][WARNING] - Timeout '0' is invalid. Using default page load timeout: '30'

2022-05-21 12:58:20 - [MESSAGE][PASSED] - Tapped on element 'Object Repository/Customer/Update Profile/android.widget.EditText - Nic'

2022-05-21 12:58:20 - [TEST_STEP][PASSED] - setText(findTestObject("Customer/Update Profile/android.widget.EditText - Nic"), "200286798484", 0): Text '200286798484' has been set to element 'Object Repository/Customer/Update Profile/android.widget.EditText - Nic'

2022-05-21 12:58:20 - [MESSAGE][WARNING] - Timeout '0' is invalid. Using default page load timeout: '30'

2022-05-21 12:58:21 - [MESSAGE][PASSED] - Text '200286798484' has been set to element 'Object Repository/Customer/Update Profile/android.widget.EditText - Nic'

2022-05-21 12:58:21 - [TEST_STEP][PASSED] - tap(findTestObject("Object Repository/Customer/Update Profile/android.widget.EditText - Age"), 0): Tapped on element 'Object Repository/Customer/Update Profile/android.widget.EditText - Age'

2022-05-21 12:58:21 - [MESSAGE][WARNING] - Timeout '0' is invalid. Using default page load timeout: '30'

2022-05-21 12:58:21 - [MESSAGE][PASSED] - Tapped on element 'Object Repository/Customer/Update Profile/android.widget.EditText - Age'

2022-05-21 12:58:21 - [TEST_STEP][PASSED] - setText(findTestObject("Customer/Update Profile/android.widget.EditText - Age"), "26", 0): Text '26' has been set to element 'Object Repository/Customer/Update Profile/android.widget.EditText - Age'

2022-05-21 12:58:22 - [MESSAGE][WARNING] - Timeout '0' is invalid. Using default page load timeout: '30'

2022-05-21 12:58:22 - [MESSAGE][PASSED] - Text '26' has been set to element 'Object Repository/Customer/Update Profile/android.widget.EditText - Age'

2022-05-21 12:58:22 - [TEST_STEP][PASSED] - tap(findTestObject("Customer/Update Profile/android.view.View (2)"), 0): Tapped on element 'Object Repository/Customer/Update Profile/android.view.View (2)'

2022-05-21 12:58:22 - [MESSAGE][WARNING] - Timeout '0' is invalid. Using default page load timeout: '30'

2022-05-21 12:58:23 - [MESSAGE][PASSED] - Tapped on element 'Object Repository/Customer/Update Profile/android.view.View (2)'

2022-05-21 12:58:23 - [TEST_STEP][PASSED] - tapAndHold(findTestObject("Customer/Update Profile/android.view.View (2)"), 0, 0): Tapped and held on element 'Object Repository/Customer/Update Profile/android.view.View (2)' with duration (default)

2022-05-21 12:58:23 - [MESSAGE][WARNING] - Duration '0' is invalid. Using default duration.

2022-05-21 12:58:23 - [MESSAGE][WARNING] - Timeout '0' is invalid. Using default page load timeout: '30'

2022-05-21 12:58:26 - [MESSAGE][PASSED] - Tapped and held on element 'Object Repository/Customer/Update Profile/android.view.View (2)' with duration (default)

2022-05-21 12:58:26 - [TEST_STEP][PASSED] - tap(findTestObject("Object Repository/Customer/Update Profile/android.widget.Button (1)"), 0): Tapped on element 'Object Repository/Customer/Update Profile/android.widget.Button (1)'

2022-05-21 12:58:26 - [MESSAGE][WARNING] - Timeout '0' is invalid. Using default page load timeout: '30'

2022-05-21 12:58:27 - [MESSAGE][PASSED] - Tapped on element 'Object Repository/Customer/Update Profile/android.widget.Button (1)'

2022-05-21 12:58:27 - [TEST_STEP][PASSED] - tapAndHold(findTestObject("Object Repository/Customer/Update Profile/android.view.View (3)"), 0, 0): Tapped and held on element 'Object Repository/Customer/Update Profile/android.view.View (3)' with duration (default)

2022-05-21 12:58:27 - [MESSAGE][WARNING] - Duration '0' is invalid. Using default duration.

2022-05-21 12:58:27 - [MESSAGE][WARNING] - Timeout '0' is invalid. Using default page load timeout: '30'

2022-05-21 12:58:30 - [MESSAGE][PASSED] - Tapped and held on element 'Object Repository/Customer/Update Profile/android.view.View (3)' with duration (default)

2022-05-21 12:58:30 - [TEST_STEP][PASSED] - tapAndHold(findTestObject("Object Repository/Customer/Update Profile/android.widget.Button (2)"), 0, 0): Tapped and held on element 'Object Repository/Customer/Update Profile/android.widget.Button (2)' with duration (default)

2022-05-21 12:58:30 - [MESSAGE][WARNING] - Duration '0' is invalid. Using default duration.

2022-05-21 12:58:30 - [MESSAGE][WARNING] - Timeout '0' is invalid. Using default page load timeout: '30'

2022-05-21 12:58:33 - [MESSAGE][PASSED] - Tapped and held on element 'Object Repository/Customer/Update Profile/android.widget.Button (2)' with duration (default)]]></system-out>
         <system-err><![CDATA[]]></system-err>
      </testcase>
      <testcase name="Test Cases/Customer/Logout" time="4.009" classname="Test Cases/Customer/Logout" status="PASSED">
         <system-out><![CDATA[2022-05-21 12:58:33 - [TEST_CASE][PASSED] - Test Cases/Customer/Logout: Test Cases/Customer/Logout

2022-05-21 12:58:33 - [TEST_STEP][PASSED] - tap(findTestObject("Object Repository/Customer/Logout/android.widget.Button"), 0): Tapped on element 'Object Repository/Customer/Logout/android.widget.Button'

2022-05-21 12:58:33 - [MESSAGE][WARNING] - Timeout '0' is invalid. Using default page load timeout: '30'

2022-05-21 12:58:34 - [MESSAGE][PASSED] - Tapped on element 'Object Repository/Customer/Logout/android.widget.Button'

2022-05-21 12:58:34 - [TEST_STEP][PASSED] - tap(findTestObject("Object Repository/Customer/Logout/android.view.View"), 0): Tapped on element 'Object Repository/Customer/Logout/android.view.View'

2022-05-21 12:58:34 - [MESSAGE][WARNING] - Timeout '0' is invalid. Using default page load timeout: '30'

2022-05-21 12:58:36 - [MESSAGE][PASSED] - Tapped on element 'Object Repository/Customer/Logout/android.view.View'

2022-05-21 12:58:36 - [TEST_STEP][PASSED] - closeApplication(): Close app successfully

2022-05-21 12:58:37 - [MESSAGE][PASSED] - Close app successfully]]></system-out>
         <system-err><![CDATA[]]></system-err>
      </testcase>
      <testcase name="Test Cases/Customer/Login" time="24.998" classname="Test Cases/Customer/Login" status="PASSED">
         <system-out><![CDATA[2022-05-21 12:58:37 - [TEST_CASE][PASSED] - Test Cases/Customer/Login: Test Cases/Customer/Login

2022-05-21 12:58:37 - [TEST_STEP][PASSED] - startApplication("C:\Users\prabh\Documents\GitHub\SwapMateMobile\build\app\outputs\flutter-apk\app.apk", true): Started app at: 'C:\Users\prabh\Documents\GitHub\SwapMateMobile\build\app\outputs\flutter-apk\app.apk'

2022-05-21 12:58:38 - [MESSAGE][INFO] - Appium server started on port 61,030

2022-05-21 12:58:51 - [MESSAGE][PASSED] - Started app at: 'C:\Users\prabh\Documents\GitHub\SwapMateMobile\build\app\outputs\flutter-apk\app.apk'

2022-05-21 12:58:51 - [TEST_STEP][PASSED] - tapAndHold(findTestObject("Object Repository/Customer/Login/android.widget.Button (1)"), 0, 0): Tapped and held on element 'Object Repository/Customer/Login/android.widget.Button (1)' with duration (default)

2022-05-21 12:58:51 - [MESSAGE][WARNING] - Duration '0' is invalid. Using default duration.

2022-05-21 12:58:51 - [MESSAGE][WARNING] - Timeout '0' is invalid. Using default page load timeout: '30'

2022-05-21 12:58:54 - [MESSAGE][PASSED] - Tapped and held on element 'Object Repository/Customer/Login/android.widget.Button (1)' with duration (default)

2022-05-21 12:58:54 - [TEST_STEP][PASSED] - tap(findTestObject("Object Repository/Customer/Login/android.widget.EditText - Username"), 0): Tapped on element 'Object Repository/Customer/Login/android.widget.EditText - Username'

2022-05-21 12:58:54 - [MESSAGE][WARNING] - Timeout '0' is invalid. Using default page load timeout: '30'

2022-05-21 12:58:54 - [MESSAGE][PASSED] - Tapped on element 'Object Repository/Customer/Login/android.widget.EditText - Username'

2022-05-21 12:58:54 - [TEST_STEP][PASSED] - setText(findTestObject("Customer/Login/android.widget.EditText - Username"), "pubzzz2002@gmail.com", 0): Text 'pubzzz2002@gmail.com' has been set to element 'Object Repository/Customer/Login/android.widget.EditText - Username'

2022-05-21 12:58:54 - [MESSAGE][WARNING] - Timeout '0' is invalid. Using default page load timeout: '30'

2022-05-21 12:58:55 - [MESSAGE][PASSED] - Text 'pubzzz2002@gmail.com' has been set to element 'Object Repository/Customer/Login/android.widget.EditText - Username'

2022-05-21 12:58:55 - [TEST_STEP][PASSED] - tap(findTestObject("Object Repository/Customer/Login/android.widget.EditText - Password"), 0): Tapped on element 'Object Repository/Customer/Login/android.widget.EditText - Password'

2022-05-21 12:58:55 - [MESSAGE][WARNING] - Timeout '0' is invalid. Using default page load timeout: '30'

2022-05-21 12:58:56 - [MESSAGE][PASSED] - Tapped on element 'Object Repository/Customer/Login/android.widget.EditText - Password'

2022-05-21 12:58:56 - [TEST_STEP][PASSED] - setText(findTestObject("Customer/Login/android.widget.EditText - Password"), "123456", 0): Text '123456' has been set to element 'Object Repository/Customer/Login/android.widget.EditText - Password'

2022-05-21 12:58:56 - [MESSAGE][WARNING] - Timeout '0' is invalid. Using default page load timeout: '30'

2022-05-21 12:58:57 - [MESSAGE][PASSED] - Text '123456' has been set to element 'Object Repository/Customer/Login/android.widget.EditText - Password'

2022-05-21 12:58:57 - [TEST_STEP][PASSED] - hideKeyboard(): Keyboard is hidden

2022-05-21 12:58:59 - [MESSAGE][PASSED] - Keyboard is hidden

2022-05-21 12:58:59 - [TEST_STEP][PASSED] - tapAndHold(findTestObject("Object Repository/Customer/Login/android.widget.Button (2)"), 0, 0): Tapped and held on element 'Object Repository/Customer/Login/android.widget.Button (2)' with duration (default)

2022-05-21 12:58:59 - [MESSAGE][WARNING] - Duration '0' is invalid. Using default duration.

2022-05-21 12:58:59 - [MESSAGE][WARNING] - Timeout '0' is invalid. Using default page load timeout: '30'

2022-05-21 12:59:02 - [MESSAGE][PASSED] - Tapped and held on element 'Object Repository/Customer/Login/android.widget.Button (2)' with duration (default)]]></system-out>
         <system-err><![CDATA[]]></system-err>
      </testcase>
      <testcase name="Test Cases/Customer/Logout" time="31.902" classname="Test Cases/Customer/Logout" status="FAILED">
         <failure type="FAILED" message="Test Cases/Customer/Logout FAILED.
Reason:
com.kms.katalon.core.exception.StepFailedException: Object Object Repository/Customer/Logout/android.view.View not found
	at com.kms.katalon.core.keyword.internal.KeywordMain.stepFailed(KeywordMain.groovy:50)
	at com.kms.katalon.core.mobile.keyword.internal.MobileKeywordMain.stepFailed(MobileKeywordMain.groovy:40)
	at com.kms.katalon.core.mobile.keyword.builtin.TapKeyword$_tap_closure1.doCall(TapKeyword.groovy:79)
	at com.kms.katalon.core.mobile.keyword.builtin.TapKeyword$_tap_closure1.call(TapKeyword.groovy)
	at com.kms.katalon.core.mobile.keyword.internal.MobileKeywordMain.runKeyword(MobileKeywordMain.groovy:21)
	at com.kms.katalon.core.mobile.keyword.builtin.TapKeyword.tap(TapKeyword.groovy:86)
	at com.kms.katalon.core.mobile.keyword.builtin.TapKeyword.execute(TapKeyword.groovy:68)
	at com.kms.katalon.core.keyword.internal.KeywordExecutor.executeKeywordForPlatform(KeywordExecutor.groovy:74)
	at com.kms.katalon.core.mobile.keyword.MobileBuiltInKeywords.tap(MobileBuiltInKeywords.groovy:1355)
	at com.kms.katalon.core.mobile.keyword.MobileBuiltInKeywords$tap$1.call(Unknown Source)
	at Logout.run(Logout:22)
	at com.kms.katalon.core.main.ScriptEngine.run(ScriptEngine.java:194)
	at com.kms.katalon.core.main.ScriptEngine.runScriptAsRawText(ScriptEngine.java:119)
	at com.kms.katalon.core.main.TestCaseExecutor.runScript(TestCaseExecutor.java:442)
	at com.kms.katalon.core.main.TestCaseExecutor.doExecute(TestCaseExecutor.java:433)
	at com.kms.katalon.core.main.TestCaseExecutor.processExecutionPhase(TestCaseExecutor.java:412)
	at com.kms.katalon.core.main.TestCaseExecutor.accessMainPhase(TestCaseExecutor.java:404)
	at com.kms.katalon.core.main.TestCaseExecutor.execute(TestCaseExecutor.java:281)
	at com.kms.katalon.core.main.TestSuiteExecutor.accessTestCaseMainPhase(TestSuiteExecutor.java:202)
	at com.kms.katalon.core.main.TestSuiteExecutor.accessTestSuiteMainPhase(TestSuiteExecutor.java:164)
	at com.kms.katalon.core.main.TestSuiteExecutor.execute(TestSuiteExecutor.java:105)
	at com.kms.katalon.core.main.TestCaseMain.startTestSuite(TestCaseMain.java:185)
	at com.kms.katalon.core.main.TestCaseMain$startTestSuite$0.call(Unknown Source)
	at TempTestSuite1653118058933.run(TempTestSuite1653118058933.groovy:36)
"/>
         <system-out><![CDATA[2022-05-21 12:59:02 - [TEST_CASE][FAILED] - Test Cases/Customer/Logout: Test Cases/Customer/Logout FAILED.
Reason:
com.kms.katalon.core.exception.StepFailedException: Object Object Repository/Customer/Logout/android.view.View not found
	at com.kms.katalon.core.keyword.internal.KeywordMain.stepFailed(KeywordMain.groovy:50)
	at com.kms.katalon.core.mobile.keyword.internal.MobileKeywordMain.stepFailed(MobileKeywordMain.groovy:40)
	at com.kms.katalon.core.mobile.keyword.builtin.TapKeyword$_tap_closure1.doCall(TapKeyword.groovy:79)
	at com.kms.katalon.core.mobile.keyword.builtin.TapKeyword$_tap_closure1.call(TapKeyword.groovy)
	at com.kms.katalon.core.mobile.keyword.internal.MobileKeywordMain.runKeyword(MobileKeywordMain.groovy:21)
	at com.kms.katalon.core.mobile.keyword.builtin.TapKeyword.tap(TapKeyword.groovy:86)
	at com.kms.katalon.core.mobile.keyword.builtin.TapKeyword.execute(TapKeyword.groovy:68)
	at com.kms.katalon.core.keyword.internal.KeywordExecutor.executeKeywordForPlatform(KeywordExecutor.groovy:74)
	at com.kms.katalon.core.mobile.keyword.MobileBuiltInKeywords.tap(MobileBuiltInKeywords.groovy:1355)
	at com.kms.katalon.core.mobile.keyword.MobileBuiltInKeywords$tap$1.call(Unknown Source)
	at Logout.run(Logout:22)
	at com.kms.katalon.core.main.ScriptEngine.run(ScriptEngine.java:194)
	at com.kms.katalon.core.main.ScriptEngine.runScriptAsRawText(ScriptEngine.java:119)
	at com.kms.katalon.core.main.TestCaseExecutor.runScript(TestCaseExecutor.java:442)
	at com.kms.katalon.core.main.TestCaseExecutor.doExecute(TestCaseExecutor.java:433)
	at com.kms.katalon.core.main.TestCaseExecutor.processExecutionPhase(TestCaseExecutor.java:412)
	at com.kms.katalon.core.main.TestCaseExecutor.accessMainPhase(TestCaseExecutor.java:404)
	at com.kms.katalon.core.main.TestCaseExecutor.execute(TestCaseExecutor.java:281)
	at com.kms.katalon.core.main.TestSuiteExecutor.accessTestCaseMainPhase(TestSuiteExecutor.java:202)
	at com.kms.katalon.core.main.TestSuiteExecutor.accessTestSuiteMainPhase(TestSuiteExecutor.java:164)
	at com.kms.katalon.core.main.TestSuiteExecutor.execute(TestSuiteExecutor.java:105)
	at com.kms.katalon.core.main.TestCaseMain.startTestSuite(TestCaseMain.java:185)
	at com.kms.katalon.core.main.TestCaseMain$startTestSuite$0.call(Unknown Source)
	at TempTestSuite1653118058933.run(TempTestSuite1653118058933.groovy:36)


2022-05-21 12:59:02 - [TEST_STEP][PASSED] - tap(findTestObject("Object Repository/Customer/Logout/android.widget.Button"), 0): Tapped on element 'Object Repository/Customer/Logout/android.widget.Button'

2022-05-21 12:59:02 - [MESSAGE][WARNING] - Timeout '0' is invalid. Using default page load timeout: '30'

2022-05-21 12:59:03 - [MESSAGE][PASSED] - Tapped on element 'Object Repository/Customer/Logout/android.widget.Button'

2022-05-21 12:59:03 - [TEST_STEP][FAILED] - tap(findTestObject("Object Repository/Customer/Logout/android.view.View"), 0): Failed to tap on element 'Object Repository/Customer/Logout/android.view.View' (Root cause: com.kms.katalon.core.exception.StepFailedException: Object Object Repository/Customer/Logout/android.view.View not found
	at com.kms.katalon.core.keyword.internal.KeywordMain.stepFailed(KeywordMain.groovy:50)
	at com.kms.katalon.core.mobile.keyword.internal.MobileKeywordMain.stepFailed(MobileKeywordMain.groovy:40)
	at com.kms.katalon.core.mobile.keyword.builtin.TapKeyword$_tap_closure1.doCall(TapKeyword.groovy:79)
	at com.kms.katalon.core.mobile.keyword.builtin.TapKeyword$_tap_closure1.call(TapKeyword.groovy)
	at com.kms.katalon.core.mobile.keyword.internal.MobileKeywordMain.runKeyword(MobileKeywordMain.groovy:21)
	at com.kms.katalon.core.mobile.keyword.builtin.TapKeyword.tap(TapKeyword.groovy:86)
	at com.kms.katalon.core.mobile.keyword.builtin.TapKeyword.execute(TapKeyword.groovy:68)
	at com.kms.katalon.core.keyword.internal.KeywordExecutor.executeKeywordForPlatform(KeywordExecutor.groovy:74)
	at com.kms.katalon.core.mobile.keyword.MobileBuiltInKeywords.tap(MobileBuiltInKeywords.groovy:1355)
	at com.kms.katalon.core.mobile.keyword.MobileBuiltInKeywords$tap$1.call(Unknown Source)
	at Logout.run(Logout:22)
	at com.kms.katalon.core.main.ScriptEngine.run(ScriptEngine.java:194)
	at com.kms.katalon.core.main.ScriptEngine.runScriptAsRawText(ScriptEngine.java:119)
	at com.kms.katalon.core.main.TestCaseExecutor.runScript(TestCaseExecutor.java:442)
	at com.kms.katalon.core.main.TestCaseExecutor.doExecute(TestCaseExecutor.java:433)
	at com.kms.katalon.core.main.TestCaseExecutor.processExecutionPhase(TestCaseExecutor.java:412)
	at com.kms.katalon.core.main.TestCaseExecutor.accessMainPhase(TestCaseExecutor.java:404)
	at com.kms.katalon.core.main.TestCaseExecutor.execute(TestCaseExecutor.java:281)
	at com.kms.katalon.core.main.TestSuiteExecutor.accessTestCaseMainPhase(TestSuiteExecutor.java:202)
	at com.kms.katalon.core.main.TestSuiteExecutor.accessTestSuiteMainPhase(TestSuiteExecutor.java:164)
	at com.kms.katalon.core.main.TestSuiteExecutor.execute(TestSuiteExecutor.java:105)
	at com.kms.katalon.core.main.TestCaseMain.startTestSuite(TestCaseMain.java:185)
	at com.kms.katalon.core.main.TestCaseMain$startTestSuite$0.call(Unknown Source)
	at TempTestSuite1653118058933.run(TempTestSuite1653118058933.groovy:36)
)

2022-05-21 12:59:03 - [MESSAGE][WARNING] - Timeout '0' is invalid. Using default page load timeout: '30'

2022-05-21 12:59:33 - [MESSAGE][FAILED] - Object Object Repository/Customer/Logout/android.view.View not found
[[ATTACHMENT|C:\\Users\\prabh\\Documents\\GitHub\\SwapMateAutomation\\Reports\\20220521_125738\\SwapMate_Mobile_TestSuite\\20220521_125738\\1653118173317.png]]

2022-05-21 12:59:34 - [MESSAGE][FAILED] - Failed to tap on element 'Object Repository/Customer/Logout/android.view.View' (Root cause: com.kms.katalon.core.exception.StepFailedException: Object Object Repository/Customer/Logout/android.view.View not found
	at com.kms.katalon.core.keyword.internal.KeywordMain.stepFailed(KeywordMain.groovy:50)
	at com.kms.katalon.core.mobile.keyword.internal.MobileKeywordMain.stepFailed(MobileKeywordMain.groovy:40)
	at com.kms.katalon.core.mobile.keyword.builtin.TapKeyword$_tap_closure1.doCall(TapKeyword.groovy:79)
	at com.kms.katalon.core.mobile.keyword.builtin.TapKeyword$_tap_closure1.call(TapKeyword.groovy)
	at com.kms.katalon.core.mobile.keyword.internal.MobileKeywordMain.runKeyword(MobileKeywordMain.groovy:21)
	at com.kms.katalon.core.mobile.keyword.builtin.TapKeyword.tap(TapKeyword.groovy:86)
	at com.kms.katalon.core.mobile.keyword.builtin.TapKeyword.execute(TapKeyword.groovy:68)
	at com.kms.katalon.core.keyword.internal.KeywordExecutor.executeKeywordForPlatform(KeywordExecutor.groovy:74)
	at com.kms.katalon.core.mobile.keyword.MobileBuiltInKeywords.tap(MobileBuiltInKeywords.groovy:1355)
	at com.kms.katalon.core.mobile.keyword.MobileBuiltInKeywords$tap$1.call(Unknown Source)
	at Logout.run(Logout:22)
	at com.kms.katalon.core.main.ScriptEngine.run(ScriptEngine.java:194)
	at com.kms.katalon.core.main.ScriptEngine.runScriptAsRawText(ScriptEngine.java:119)
	at com.kms.katalon.core.main.TestCaseExecutor.runScript(TestCaseExecutor.java:442)
	at com.kms.katalon.core.main.TestCaseExecutor.doExecute(TestCaseExecutor.java:433)
	at com.kms.katalon.core.main.TestCaseExecutor.processExecutionPhase(TestCaseExecutor.java:412)
	at com.kms.katalon.core.main.TestCaseExecutor.accessMainPhase(TestCaseExecutor.java:404)
	at com.kms.katalon.core.main.TestCaseExecutor.execute(TestCaseExecutor.java:281)
	at com.kms.katalon.core.main.TestSuiteExecutor.accessTestCaseMainPhase(TestSuiteExecutor.java:202)
	at com.kms.katalon.core.main.TestSuiteExecutor.accessTestSuiteMainPhase(TestSuiteExecutor.java:164)
	at com.kms.katalon.core.main.TestSuiteExecutor.execute(TestSuiteExecutor.java:105)
	at com.kms.katalon.core.main.TestCaseMain.startTestSuite(TestCaseMain.java:185)
	at com.kms.katalon.core.main.TestCaseMain$startTestSuite$0.call(Unknown Source)
	at TempTestSuite1653118058933.run(TempTestSuite1653118058933.groovy:36)
)
[[ATTACHMENT|C:\\Users\\prabh\\Documents\\GitHub\\SwapMateAutomation\\Reports\\20220521_125738\\SwapMate_Mobile_TestSuite\\20220521_125738\\1653118173679.png]]]]></system-out>
         <system-err><![CDATA[2022-05-21 12:59:02 - [TEST_CASE][FAILED] - Test Cases/Customer/Logout: Test Cases/Customer/Logout FAILED.
Reason:
com.kms.katalon.core.exception.StepFailedException: Object Object Repository/Customer/Logout/android.view.View not found
	at com.kms.katalon.core.keyword.internal.KeywordMain.stepFailed(KeywordMain.groovy:50)
	at com.kms.katalon.core.mobile.keyword.internal.MobileKeywordMain.stepFailed(MobileKeywordMain.groovy:40)
	at com.kms.katalon.core.mobile.keyword.builtin.TapKeyword$_tap_closure1.doCall(TapKeyword.groovy:79)
	at com.kms.katalon.core.mobile.keyword.builtin.TapKeyword$_tap_closure1.call(TapKeyword.groovy)
	at com.kms.katalon.core.mobile.keyword.internal.MobileKeywordMain.runKeyword(MobileKeywordMain.groovy:21)
	at com.kms.katalon.core.mobile.keyword.builtin.TapKeyword.tap(TapKeyword.groovy:86)
	at com.kms.katalon.core.mobile.keyword.builtin.TapKeyword.execute(TapKeyword.groovy:68)
	at com.kms.katalon.core.keyword.internal.KeywordExecutor.executeKeywordForPlatform(KeywordExecutor.groovy:74)
	at com.kms.katalon.core.mobile.keyword.MobileBuiltInKeywords.tap(MobileBuiltInKeywords.groovy:1355)
	at com.kms.katalon.core.mobile.keyword.MobileBuiltInKeywords$tap$1.call(Unknown Source)
	at Logout.run(Logout:22)
	at com.kms.katalon.core.main.ScriptEngine.run(ScriptEngine.java:194)
	at com.kms.katalon.core.main.ScriptEngine.runScriptAsRawText(ScriptEngine.java:119)
	at com.kms.katalon.core.main.TestCaseExecutor.runScript(TestCaseExecutor.java:442)
	at com.kms.katalon.core.main.TestCaseExecutor.doExecute(TestCaseExecutor.java:433)
	at com.kms.katalon.core.main.TestCaseExecutor.processExecutionPhase(TestCaseExecutor.java:412)
	at com.kms.katalon.core.main.TestCaseExecutor.accessMainPhase(TestCaseExecutor.java:404)
	at com.kms.katalon.core.main.TestCaseExecutor.execute(TestCaseExecutor.java:281)
	at com.kms.katalon.core.main.TestSuiteExecutor.accessTestCaseMainPhase(TestSuiteExecutor.java:202)
	at com.kms.katalon.core.main.TestSuiteExecutor.accessTestSuiteMainPhase(TestSuiteExecutor.java:164)
	at com.kms.katalon.core.main.TestSuiteExecutor.execute(TestSuiteExecutor.java:105)
	at com.kms.katalon.core.main.TestCaseMain.startTestSuite(TestCaseMain.java:185)
	at com.kms.katalon.core.main.TestCaseMain$startTestSuite$0.call(Unknown Source)
	at TempTestSuite1653118058933.run(TempTestSuite1653118058933.groovy:36)]]></system-err>
      </testcase>
      <system-out><![CDATA[2022-05-21 12:57:41 - [TEST_SUITE][FAILED] - SwapMate_Mobile_TestSuite: Test Cases/Customer/Logout FAILED.
Reason:
com.kms.katalon.core.exception.StepFailedException: Object Object Repository/Customer/Logout/android.view.View not found
	at com.kms.katalon.core.keyword.internal.KeywordMain.stepFailed(KeywordMain.groovy:50)
	at com.kms.katalon.core.mobile.keyword.internal.MobileKeywordMain.stepFailed(MobileKeywordMain.groovy:40)
	at com.kms.katalon.core.mobile.keyword.builtin.TapKeyword$_tap_closure1.doCall(TapKeyword.groovy:79)
	at com.kms.katalon.core.mobile.keyword.builtin.TapKeyword$_tap_closure1.call(TapKeyword.groovy)
	at com.kms.katalon.core.mobile.keyword.internal.MobileKeywordMain.runKeyword(MobileKeywordMain.groovy:21)
	at com.kms.katalon.core.mobile.keyword.builtin.TapKeyword.tap(TapKeyword.groovy:86)
	at com.kms.katalon.core.mobile.keyword.builtin.TapKeyword.execute(TapKeyword.groovy:68)
	at com.kms.katalon.core.keyword.internal.KeywordExecutor.executeKeywordForPlatform(KeywordExecutor.groovy:74)
	at com.kms.katalon.core.mobile.keyword.MobileBuiltInKeywords.tap(MobileBuiltInKeywords.groovy:1355)
	at com.kms.katalon.core.mobile.keyword.MobileBuiltInKeywords$tap$1.call(Unknown Source)
	at Logout.run(Logout:22)
	at com.kms.katalon.core.main.ScriptEngine.run(ScriptEngine.java:194)
	at com.kms.katalon.core.main.ScriptEngine.runScriptAsRawText(ScriptEngine.java:119)
	at com.kms.katalon.core.main.TestCaseExecutor.runScript(TestCaseExecutor.java:442)
	at com.kms.katalon.core.main.TestCaseExecutor.doExecute(TestCaseExecutor.java:433)
	at com.kms.katalon.core.main.TestCaseExecutor.processExecutionPhase(TestCaseExecutor.java:412)
	at com.kms.katalon.core.main.TestCaseExecutor.accessMainPhase(TestCaseExecutor.java:404)
	at com.kms.katalon.core.main.TestCaseExecutor.execute(TestCaseExecutor.java:281)
	at com.kms.katalon.core.main.TestSuiteExecutor.accessTestCaseMainPhase(TestSuiteExecutor.java:202)
	at com.kms.katalon.core.main.TestSuiteExecutor.accessTestSuiteMainPhase(TestSuiteExecutor.java:164)
	at com.kms.katalon.core.main.TestSuiteExecutor.execute(TestSuiteExecutor.java:105)
	at com.kms.katalon.core.main.TestCaseMain.startTestSuite(TestCaseMain.java:185)
	at com.kms.katalon.core.main.TestCaseMain$startTestSuite$0.call(Unknown Source)
	at TempTestSuite1653118058933.run(TempTestSuite1653118058933.groovy:36)]]></system-out>
      <system-err><![CDATA[2022-05-21 12:57:41 - [TEST_SUITE][FAILED] - SwapMate_Mobile_TestSuite: Test Cases/Customer/Logout FAILED.
Reason:
com.kms.katalon.core.exception.StepFailedException: Object Object Repository/Customer/Logout/android.view.View not found
	at com.kms.katalon.core.keyword.internal.KeywordMain.stepFailed(KeywordMain.groovy:50)
	at com.kms.katalon.core.mobile.keyword.internal.MobileKeywordMain.stepFailed(MobileKeywordMain.groovy:40)
	at com.kms.katalon.core.mobile.keyword.builtin.TapKeyword$_tap_closure1.doCall(TapKeyword.groovy:79)
	at com.kms.katalon.core.mobile.keyword.builtin.TapKeyword$_tap_closure1.call(TapKeyword.groovy)
	at com.kms.katalon.core.mobile.keyword.internal.MobileKeywordMain.runKeyword(MobileKeywordMain.groovy:21)
	at com.kms.katalon.core.mobile.keyword.builtin.TapKeyword.tap(TapKeyword.groovy:86)
	at com.kms.katalon.core.mobile.keyword.builtin.TapKeyword.execute(TapKeyword.groovy:68)
	at com.kms.katalon.core.keyword.internal.KeywordExecutor.executeKeywordForPlatform(KeywordExecutor.groovy:74)
	at com.kms.katalon.core.mobile.keyword.MobileBuiltInKeywords.tap(MobileBuiltInKeywords.groovy:1355)
	at com.kms.katalon.core.mobile.keyword.MobileBuiltInKeywords$tap$1.call(Unknown Source)
	at Logout.run(Logout:22)
	at com.kms.katalon.core.main.ScriptEngine.run(ScriptEngine.java:194)
	at com.kms.katalon.core.main.ScriptEngine.runScriptAsRawText(ScriptEngine.java:119)
	at com.kms.katalon.core.main.TestCaseExecutor.runScript(TestCaseExecutor.java:442)
	at com.kms.katalon.core.main.TestCaseExecutor.doExecute(TestCaseExecutor.java:433)
	at com.kms.katalon.core.main.TestCaseExecutor.processExecutionPhase(TestCaseExecutor.java:412)
	at com.kms.katalon.core.main.TestCaseExecutor.accessMainPhase(TestCaseExecutor.java:404)
	at com.kms.katalon.core.main.TestCaseExecutor.execute(TestCaseExecutor.java:281)
	at com.kms.katalon.core.main.TestSuiteExecutor.accessTestCaseMainPhase(TestSuiteExecutor.java:202)
	at com.kms.katalon.core.main.TestSuiteExecutor.accessTestSuiteMainPhase(TestSuiteExecutor.java:164)
	at com.kms.katalon.core.main.TestSuiteExecutor.execute(TestSuiteExecutor.java:105)
	at com.kms.katalon.core.main.TestCaseMain.startTestSuite(TestCaseMain.java:185)
	at com.kms.katalon.core.main.TestCaseMain$startTestSuite$0.call(Unknown Source)
	at TempTestSuite1653118058933.run(TempTestSuite1653118058933.groovy:36)]]></system-err>
   </testsuite>
</testsuites>
